<?xml version="1.0" encoding="UTF-8"?>
<!-- Generated by org.testng.reporters.JUnitReportReporter -->
<testsuite hostname="CND1384PSJ" name="runners.PositiveTest" tests="2" failures="0" timestamp="29 Dec 2022 09:34:25 GMT" time="57.913" errors="0">
  <testcase name="feature" time="26.541" classname="runners.PositiveTest"/>
  <testcase name="feature" time="31.372" classname="runners.PositiveTest"/>
</testsuite> <!-- runners.PositiveTest -->
